SnapshotUploader64.exe Information: 0 : SnapshotUploader version 1.3.3.0 (x64) started.
    DateTime=2019-05-28T19:11:06.3963165Z
SnapshotUploader64.exe Information: 0 : Previous log file moved to D:\home\LogFiles\SnapshotUploader64_6b5b37_20190506_070654.log
    DateTime=2019-05-28T19:11:06.3963165Z
SnapshotUploader64.exe Information: 0 : Using endpoint: https://agent.azureserviceprofiler.net
    DateTime=2019-05-28T19:11:06.5685988Z
SnapshotUploader64.exe Information: 0 : [PII]Using iKey: a07b7217-6749-46bd-96e8-526d02855f3e
    DateTime=2019-05-28T19:11:06.5685988Z
SnapshotUploader64.exe Information: 0 : Snapshot feature version: 1.0.0
    DateTime=2019-05-28T19:11:06.5685988Z
SnapshotUploader64.exe Information: 0 : Enabling site extension version: 3.4.1904.101
    DateTime=2019-05-28T19:11:06.5875465Z
SnapshotUploader64.exe Information: 0 : Monitoring process 760 for exit.
    DateTime=2019-05-28T19:11:06.8338695Z
SnapshotUploader64.exe Information: 0 : Scanning D:\home\site\wwwroot for local PDBs.
    DateTime=2019-05-28T19:11:14.2447971Z
SnapshotUploader64.exe Information: 0 : Snapshot uploader successfully started. Using folder D:\local\Temp\Dumps64\a07b7217674946bd96e8526d02855f3e for dump files.
    DateTime=2019-05-28T19:11:14.3210565Z
SnapshotUploader64.exe Information: 0 : SnapshotHolder listening on named pipe SnapshotUploader/412416e6a34ac6e84af437bd27a622a3
    DateTime=2019-05-28T19:11:14.8497128Z
SnapshotUploader64.exe Information: 0 : Received Shutdown request from process 760
    DateTime=2019-05-28T19:12:04.2904228Z
SnapshotUploader64.exe Information: 0 : Shutdown request from process 760.
    DateTime=2019-05-28T19:12:04.3529217Z
SnapshotUploader64.exe Information: 0 : Stopped watching minidump folder. Draining snapshot holder queue.
    DateTime=2019-05-28T19:12:04.4018849Z
SnapshotUploader64.exe Information: 0 : SnapshotHolder server exiting due to cancelation.
    DateTime=2019-05-28T19:12:04.4935564Z
SnapshotUploader64.exe Information: 0 : Snapshot uploader exiting.
    DateTime=2019-05-28T19:12:04.4935564Z
